<?xml version="1.0" encoding="UTF-8"?>
<!-- Generated by org.testng.reporters.JUnitXMLReporter -->
<testsuite hostname="DESKTOP-8JOTRS7" ignored="0" name="Free CRM App Test" tests="32" failures="0" timestamp="2020-10-28T06:20:33 CDT" time="670.007" errors="0">
  <testcase name="verifyLandedOnLandingPageTest" time="0.047" classname="com.crm.qa.testcases.LoginPageTest"/>
  <testcase name="verifyLogIntoHomePageTest" time="8.744" classname="com.crm.qa.testcases.LoginPageTest"/>
  <testcase name="verifyLandedOnHomePageWithPageTitlePassTest" time="0.011" classname="com.crm.qa.testcases.HomePageTest"/>
  <testcase name="verifyLandedOnHomePageWithPageTitleFailTest" time="0.018" classname="com.crm.qa.testcases.HomePageTest"/>
  <testcase name="verifyLandedOnHomePageWithUserNamePassTest" time="1.299" classname="com.crm.qa.testcases.HomePageTest"/>
  <testcase name="verifyLandedOnCalendarPageTest" time="3.201" classname="com.crm.qa.testcases.HomePageTest"/>
  <testcase name="verifyLandedOnCallsPageTest" time="3.306" classname="com.crm.qa.testcases.HomePageTest"/>
  <testcase name="verifyLandedOnCampaignsPageTest" time="3.168" classname="com.crm.qa.testcases.HomePageTest"/>
  <testcase name="verifyLandedOnCasesPageTest" time="3.355" classname="com.crm.qa.testcases.HomePageTest"/>
  <testcase name="verifyLandedOnCompaniesPageTest" time="3.197" classname="com.crm.qa.testcases.HomePageTest"/>
  <testcase name="verifyLandedOnContactsPageTest" time="3.325" classname="com.crm.qa.testcases.HomePageTest"/>
  <testcase name="verifyLandedOnDealsPageTest" time="3.181" classname="com.crm.qa.testcases.HomePageTest"/>
  <testcase name="verifyLandedOnDocumentsPageTest" time="3.363" classname="com.crm.qa.testcases.HomePageTest"/>
  <testcase name="verifyLandedOnEmailPageTest" time="3.126" classname="com.crm.qa.testcases.HomePageTest"/>
  <testcase name="verifyLandedOnFormsPageTest" time="3.17" classname="com.crm.qa.testcases.HomePageTest"/>
  <testcase name="verifyLandedTasksPageTest" time="3.31" classname="com.crm.qa.testcases.HomePageTest"/>
  <testcase name="verify_LandedOn_ContactsPage_A_Test" time="1.723" classname="com.crm.qa.testcases.ContactsPageTest"/>
  <testcase name="verify_LeftNavBar_CalendarLink_VisibleFrom_ContactsPage_Test" time="1.407" classname="com.crm.qa.testcases.ContactsPageTest"/>
  <testcase name="verify_LeftNavBar_CallsLink_VisibleFrom_ContactsPage_Test" time="1.554" classname="com.crm.qa.testcases.ContactsPageTest"/>
  <testcase name="verify_LeftNavBar_CampaignsLink_VisibleFrom_ContactsPage_Test" time="1.646" classname="com.crm.qa.testcases.ContactsPageTest"/>
  <testcase name="verify_LeftNavBar_CasesLink_VisibleFrom_ContactsPage_Test" time="1.513" classname="com.crm.qa.testcases.ContactsPageTest"/>
  <testcase name="verify_LeftNavBar_CompaniesLink_VisibleFrom_ContactsPage_Test" time="1.337" classname="com.crm.qa.testcases.ContactsPageTest"/>
  <testcase name="verify_LeftNavBar_ContactsLink_VisibleFrom_ContactsPage_Test" time="1.507" classname="com.crm.qa.testcases.ContactsPageTest"/>
  <testcase name="verify_LeftNavBar_DealsLink_VisibleFrom_ContactsPage_Test" time="1.532" classname="com.crm.qa.testcases.ContactsPageTest"/>
  <testcase name="verify_LeftNavBar_DocumentsLink_VisibleFrom_ContactsPage_Test" time="1.312" classname="com.crm.qa.testcases.ContactsPageTest"/>
  <testcase name="verify_LeftNavBar_EmailLink_VisibleFrom_ContactsPage_Test" time="1.291" classname="com.crm.qa.testcases.ContactsPageTest"/>
  <testcase name="verify_LeftNavBar_FormsLink_VisibleFrom_ContactsPage_Test" time="1.686" classname="com.crm.qa.testcases.ContactsPageTest"/>
  <testcase name="verify_LeftNavBar_TasksLink_VisibleFrom_ContactsPage_Test" time="1.548" classname="com.crm.qa.testcases.ContactsPageTest"/>
  <testcase name="validateCreateNewContactExcelSheetTest" time="21.671" classname="com.crm.qa.testcases.ContactsPageTest"/>
  <testcase name="validateCreateNewContactExcelSheetTest" time="21.964" classname="com.crm.qa.testcases.ContactsPageTest"/>
  <testcase name="validateCreateNewContactExcelSheetTest" time="21.885" classname="com.crm.qa.testcases.ContactsPageTest"/>
  <testcase name="validateCreateNewContactHardCodeTest" time="21.871" classname="com.crm.qa.testcases.ContactsPageTest"/>
</testsuite> <!-- Free CRM App Test -->
