<?xml version="1.0" encoding="UTF-8"?>
<!-- Generated by org.testng.reporters.JUnitXMLReporter -->
<testsuite hostname="DESKTOP-8JOTRS7" ignored="11" name="Default test" tests="1" failures="0" timestamp="2021-01-01T14:25:55 CST" time="28.035" errors="0">
  <testcase name="verify_LeftNavBar_ContactsLink_VisibleFrom_TasksPage_Test" time="1.77" classname="com.crm.qa.testcases.TasksPageTest"/>
  <testcase name="verify_LandedOn_TasksPage_Test" time="0.0" classname="com.crm.qa.testcases.TasksPageTest">
    <ignored/>
  </testcase> <!-- verify_LandedOn_TasksPage_Test -->
  <testcase name="verify_LeftNavBar_CallsLink_VisibleFrom_TasksPage_Test" time="0.0" classname="com.crm.qa.testcases.TasksPageTest">
    <ignored/>
  </testcase> <!-- verify_LeftNavBar_CallsLink_VisibleFrom_TasksPage_Test -->
  <testcase name="verify_LeftNavBar_EmailLink_VisibleFrom_TasksPage_Test" time="0.0" classname="com.crm.qa.testcases.TasksPageTest">
    <ignored/>
  </testcase> <!-- verify_LeftNavBar_EmailLink_VisibleFrom_TasksPage_Test -->
  <testcase name="verify_LeftNavBar_CalendarLink_VisibleFrom_TasksPage_Test" time="0.0" classname="com.crm.qa.testcases.TasksPageTest">
    <ignored/>
  </testcase> <!-- verify_LeftNavBar_CalendarLink_VisibleFrom_TasksPage_Test -->
  <testcase name="verify_LeftNavBar_DealsLink_VisibleFrom_TasksPage_Test" time="0.0" classname="com.crm.qa.testcases.TasksPageTest">
    <ignored/>
  </testcase> <!-- verify_LeftNavBar_DealsLink_VisibleFrom_TasksPage_Test -->
  <testcase name="verify_LeftNavBar_CampaignsLink_VisibleFrom_TasksPage_Test" time="0.0" classname="com.crm.qa.testcases.TasksPageTest">
    <ignored/>
  </testcase> <!-- verify_LeftNavBar_CampaignsLink_VisibleFrom_TasksPage_Test -->
  <testcase name="verify_LeftNavBar_FormsLink_VisibleFrom_TasksPage_Test" time="0.0" classname="com.crm.qa.testcases.TasksPageTest">
    <ignored/>
  </testcase> <!-- verify_LeftNavBar_FormsLink_VisibleFrom_TasksPage_Test -->
  <testcase name="verify_LeftNavBar_CompaniesLink_VisibleFrom_TasksPage_Test" time="0.0" classname="com.crm.qa.testcases.TasksPageTest">
    <ignored/>
  </testcase> <!-- verify_LeftNavBar_CompaniesLink_VisibleFrom_TasksPage_Test -->
  <testcase name="verify_LeftNavBar_CasesLink_VisibleFrom_TasksPage_Test" time="0.0" classname="com.crm.qa.testcases.TasksPageTest">
    <ignored/>
  </testcase> <!-- verify_LeftNavBar_CasesLink_VisibleFrom_TasksPage_Test -->
  <testcase name="verify_LeftNavBar_TasksLink_VisibleFrom_TasksPage_Test" time="0.0" classname="com.crm.qa.testcases.TasksPageTest">
    <ignored/>
  </testcase> <!-- verify_LeftNavBar_TasksLink_VisibleFrom_TasksPage_Test -->
  <testcase name="verify_LeftNavBar_DocumentsLink_VisibleFrom_TasksPage_Test" time="0.0" classname="com.crm.qa.testcases.TasksPageTest">
    <ignored/>
  </testcase> <!-- verify_LeftNavBar_DocumentsLink_VisibleFrom_TasksPage_Test -->
</testsuite> <!-- Default test -->
