<?xml version="1.0" encoding="UTF-8"?>
<!-- Generated by org.testng.reporters.JUnitXMLReporter -->
<testsuite hostname="DESKTOP-8JOTRS7" ignored="13" name="Default test" tests="3" failures="0" timestamp="2020-10-28T01:47:23 CDT" time="102.427" errors="0">
  <testcase name="validateCreateNewContactExcelSheetTest" time="19.389" classname="com.crm.qa.testcases.ContactsPageTest"/>
  <testcase name="validateCreateNewContactExcelSheetTest" time="19.419" classname="com.crm.qa.testcases.ContactsPageTest"/>
  <testcase name="validateCreateNewContactExcelSheetTest" time="19.403" classname="com.crm.qa.testcases.ContactsPageTest"/>
  <testcase name="verify_LeftNavBar_EmailLink_VisibleFrom_ContactsPage_Test" time="0.0" classname="com.crm.qa.testcases.ContactsPageTest">
    <ignored/>
  </testcase> <!-- verify_LeftNavBar_EmailLink_VisibleFrom_ContactsPage_Test -->
  <testcase name="verify_LeftNavBar_DocumentsLink_VisibleFrom_ContactsPage_Test" time="0.0" classname="com.crm.qa.testcases.ContactsPageTest">
    <ignored/>
  </testcase> <!-- verify_LeftNavBar_DocumentsLink_VisibleFrom_ContactsPage_Test -->
  <testcase name="verify_LeftNavBar_FormsLink_VisibleFrom_ContactsPage_Test" time="0.0" classname="com.crm.qa.testcases.ContactsPageTest">
    <ignored/>
  </testcase> <!-- verify_LeftNavBar_FormsLink_VisibleFrom_ContactsPage_Test -->
  <testcase name="verify_LandedOn_ContactsPage_A_Test" time="0.0" classname="com.crm.qa.testcases.ContactsPageTest">
    <ignored/>
  </testcase> <!-- verify_LandedOn_ContactsPage_A_Test -->
  <testcase name="verify_LeftNavBar_ContactsLink_VisibleFrom_ContactsPage_Test" time="0.0" classname="com.crm.qa.testcases.ContactsPageTest">
    <ignored/>
  </testcase> <!-- verify_LeftNavBar_ContactsLink_VisibleFrom_ContactsPage_Test -->
  <testcase name="verify_LeftNavBar_CasesLink_VisibleFrom_ContactsPage_Test" time="0.0" classname="com.crm.qa.testcases.ContactsPageTest">
    <ignored/>
  </testcase> <!-- verify_LeftNavBar_CasesLink_VisibleFrom_ContactsPage_Test -->
  <testcase name="validateCreateNewContactHardCodeTest" time="0.0" classname="com.crm.qa.testcases.ContactsPageTest">
    <ignored/>
  </testcase> <!-- validateCreateNewContactHardCodeTest -->
  <testcase name="verify_LeftNavBar_DealsLink_VisibleFrom_ContactsPage_Test" time="0.0" classname="com.crm.qa.testcases.ContactsPageTest">
    <ignored/>
  </testcase> <!-- verify_LeftNavBar_DealsLink_VisibleFrom_ContactsPage_Test -->
  <testcase name="verify_LeftNavBar_CampaignsLink_VisibleFrom_ContactsPage_Test" time="0.0" classname="com.crm.qa.testcases.ContactsPageTest">
    <ignored/>
  </testcase> <!-- verify_LeftNavBar_CampaignsLink_VisibleFrom_ContactsPage_Test -->
  <testcase name="verify_LeftNavBar_CallsLink_VisibleFrom_ContactsPage_Test" time="0.0" classname="com.crm.qa.testcases.ContactsPageTest">
    <ignored/>
  </testcase> <!-- verify_LeftNavBar_CallsLink_VisibleFrom_ContactsPage_Test -->
  <testcase name="verify_LeftNavBar_CalendarLink_VisibleFrom_ContactsPage_Test" time="0.0" classname="com.crm.qa.testcases.ContactsPageTest">
    <ignored/>
  </testcase> <!-- verify_LeftNavBar_CalendarLink_VisibleFrom_ContactsPage_Test -->
  <testcase name="verify_LeftNavBar_TasksLink_VisibleFrom_ContactsPage_Test" time="0.0" classname="com.crm.qa.testcases.ContactsPageTest">
    <ignored/>
  </testcase> <!-- verify_LeftNavBar_TasksLink_VisibleFrom_ContactsPage_Test -->
  <testcase name="verify_LeftNavBar_CompaniesLink_VisibleFrom_ContactsPage_Test" time="0.0" classname="com.crm.qa.testcases.ContactsPageTest">
    <ignored/>
  </testcase> <!-- verify_LeftNavBar_CompaniesLink_VisibleFrom_ContactsPage_Test -->
</testsuite> <!-- Default test -->
