<?xml version="1.0" encoding="UTF-8"?>
<testng-results skipped="0" failed="0" ignored="11" total="12" passed="1">
  <reporter-output>
  </reporter-output>
  <suite name="Default suite" duration-ms="28035" started-at="2021-01-01T14:25:27 CST" finished-at="2021-01-01T14:25:55 CST">
    <groups>
    </groups>
    <test name="Default test" duration-ms="28035" started-at="2021-01-01T14:25:27 CST" finished-at="2021-01-01T14:25:55 CST">
      <class name="com.crm.qa.testcases.TasksPageTest">
        <test-method status="PASS" signature="setUp()[pri:0, instance:com.crm.qa.testcases.TasksPageTest@31206beb]" name="setUp" is-config="true" duration-ms="25396" started-at="2021-01-01T14:25:27 CST" finished-at="2021-01-01T14:25:53 CST">
          <reporter-output>
          </reporter-output>
        </test-method> <!-- setUp -->
        <test-method status="PASS" signature="verify_LeftNavBar_ContactsLink_VisibleFrom_TasksPage_Test()[pri:2, instance:com.crm.qa.testcases.TasksPageTest@31206beb]" name="verify_LeftNavBar_ContactsLink_VisibleFrom_TasksPage_Test" duration-ms="1770" started-at="2021-01-01T14:25:53 CST" finished-at="2021-01-01T14:25:54 CST">
          <reporter-output>
          </reporter-output>
        </test-method> <!-- verify_LeftNavBar_ContactsLink_VisibleFrom_TasksPage_Test -->
        <test-method status="PASS" signature="tearDown()[pri:0, instance:com.crm.qa.testcases.TasksPageTest@31206beb]" name="tearDown" is-config="true" duration-ms="802" started-at="2021-01-01T14:25:54 CST" finished-at="2021-01-01T14:25:55 CST">
          <reporter-output>
          </reporter-output>
        </test-method> <!-- tearDown -->
      </class> <!-- com.crm.qa.testcases.TasksPageTest -->
    </test> <!-- Default test -->
  </suite> <!-- Default suite -->
</testng-results>
