<?xml version="1.0" encoding="UTF-8"?>
<testng-results skipped="0" failed="0" ignored="0" total="32" passed="32">
  <reporter-output>
  </reporter-output>
  <suite name="Free CRM Test Automation Suite" duration-ms="670007" started-at="2020-10-28T06:09:22 CDT" finished-at="2020-10-28T06:20:32 CDT">
    <groups>
    </groups>
    <test name="Free CRM App Test" duration-ms="670007" started-at="2020-10-28T06:09:22 CDT" finished-at="2020-10-28T06:20:32 CDT">
      <class name="com.crm.qa.testcases.HomePageTest">
        <test-method status="PASS" signature="setUp()[pri:0, instance:com.crm.qa.testcases.HomePageTest@21a947fe]" name="setUp" is-config="true" duration-ms="15935" started-at="2020-10-28T06:09:53 CDT" finished-at="2020-10-28T06:10:09 CDT">
          <reporter-output>
          </reporter-output>
        </test-method> <!-- setUp -->
        <test-method status="PASS" signature="verifyLandedOnHomePageWithPageTitlePassTest()[pri:1, instance:com.crm.qa.testcases.HomePageTest@21a947fe]" name="verifyLandedOnHomePageWithPageTitlePassTest" duration-ms="11" started-at="2020-10-28T06:10:09 CDT" finished-at="2020-10-28T06:10:09 CDT">
          <reporter-output>
          </reporter-output>
        </test-method> <!-- verifyLandedOnHomePageWithPageTitlePassTest -->
        <test-method status="PASS" signature="tearDown()[pri:0, instance:com.crm.qa.testcases.HomePageTest@21a947fe]" name="tearDown" is-config="true" duration-ms="798" started-at="2020-10-28T06:10:09 CDT" finished-at="2020-10-28T06:10:10 CDT">
          <reporter-output>
          </reporter-output>
        </test-method> <!-- tearDown -->
        <test-method status="PASS" signature="setUp()[pri:0, instance:com.crm.qa.testcases.HomePageTest@21a947fe]" name="setUp" is-config="true" duration-ms="15770" started-at="2020-10-28T06:10:10 CDT" finished-at="2020-10-28T06:10:26 CDT">
          <reporter-output>
          </reporter-output>
        </test-method> <!-- setUp -->
        <test-method status="PASS" signature="verifyLandedOnHomePageWithPageTitleFailTest()[pri:2, instance:com.crm.qa.testcases.HomePageTest@21a947fe]" name="verifyLandedOnHomePageWithPageTitleFailTest" duration-ms="18" started-at="2020-10-28T06:10:26 CDT" finished-at="2020-10-28T06:10:26 CDT">
          <reporter-output>
          </reporter-output>
        </test-method> <!-- verifyLandedOnHomePageWithPageTitleFailTest -->
        <test-method status="PASS" signature="tearDown()[pri:0, instance:com.crm.qa.testcases.HomePageTest@21a947fe]" name="tearDown" is-config="true" duration-ms="806" started-at="2020-10-28T06:10:26 CDT" finished-at="2020-10-28T06:10:26 CDT">
          <reporter-output>
          </reporter-output>
        </test-method> <!-- tearDown -->
        <test-method status="PASS" signature="setUp()[pri:0, instance:com.crm.qa.testcases.HomePageTest@21a947fe]" name="setUp" is-config="true" duration-ms="16099" started-at="2020-10-28T06:10:26 CDT" finished-at="2020-10-28T06:10:43 CDT">
          <reporter-output>
          </reporter-output>
        </test-method> <!-- setUp -->
        <test-method status="PASS" signature="verifyLandedOnHomePageWithUserNamePassTest()[pri:3, instance:com.crm.qa.testcases.HomePageTest@21a947fe]" name="verifyLandedOnHomePageWithUserNamePassTest" duration-ms="1299" started-at="2020-10-28T06:10:43 CDT" finished-at="2020-10-28T06:10:44 CDT">
          <reporter-output>
          </reporter-output>
        </test-method> <!-- verifyLandedOnHomePageWithUserNamePassTest -->
        <test-method status="PASS" signature="tearDown()[pri:0, instance:com.crm.qa.testcases.HomePageTest@21a947fe]" name="tearDown" is-config="true" duration-ms="829" started-at="2020-10-28T06:10:44 CDT" finished-at="2020-10-28T06:10:45 CDT">
          <reporter-output>
          </reporter-output>
        </test-method> <!-- tearDown -->
        <test-method status="PASS" signature="setUp()[pri:0, instance:com.crm.qa.testcases.HomePageTest@21a947fe]" name="setUp" is-config="true" duration-ms="16056" started-at="2020-10-28T06:10:45 CDT" finished-at="2020-10-28T06:11:01 CDT">
          <reporter-output>
          </reporter-output>
        </test-method> <!-- setUp -->
        <test-method status="PASS" signature="verifyLandedOnCalendarPageTest()[pri:4, instance:com.crm.qa.testcases.HomePageTest@21a947fe]" name="verifyLandedOnCalendarPageTest" duration-ms="3201" started-at="2020-10-28T06:11:01 CDT" finished-at="2020-10-28T06:11:04 CDT">
          <reporter-output>
          </reporter-output>
        </test-method> <!-- verifyLandedOnCalendarPageTest -->
        <test-method status="PASS" signature="tearDown()[pri:0, instance:com.crm.qa.testcases.HomePageTest@21a947fe]" name="tearDown" is-config="true" duration-ms="857" started-at="2020-10-28T06:11:04 CDT" finished-at="2020-10-28T06:11:05 CDT">
          <reporter-output>
          </reporter-output>
        </test-method> <!-- tearDown -->
        <test-method status="PASS" signature="setUp()[pri:0, instance:com.crm.qa.testcases.HomePageTest@21a947fe]" name="setUp" is-config="true" duration-ms="16071" started-at="2020-10-28T06:11:05 CDT" finished-at="2020-10-28T06:11:21 CDT">
          <reporter-output>
          </reporter-output>
        </test-method> <!-- setUp -->
        <test-method status="PASS" signature="verifyLandedOnCallsPageTest()[pri:4, instance:com.crm.qa.testcases.HomePageTest@21a947fe]" name="verifyLandedOnCallsPageTest" duration-ms="3306" started-at="2020-10-28T06:11:21 CDT" finished-at="2020-10-28T06:11:24 CDT">
          <reporter-output>
          </reporter-output>
        </test-method> <!-- verifyLandedOnCallsPageTest -->
        <test-method status="PASS" signature="tearDown()[pri:0, instance:com.crm.qa.testcases.HomePageTest@21a947fe]" name="tearDown" is-config="true" duration-ms="861" started-at="2020-10-28T06:11:24 CDT" finished-at="2020-10-28T06:11:25 CDT">
          <reporter-output>
          </reporter-output>
        </test-method> <!-- tearDown -->
        <test-method status="PASS" signature="setUp()[pri:0, instance:com.crm.qa.testcases.HomePageTest@21a947fe]" name="setUp" is-config="true" duration-ms="16337" started-at="2020-10-28T06:11:25 CDT" finished-at="2020-10-28T06:11:41 CDT">
          <reporter-output>
          </reporter-output>
        </test-method> <!-- setUp -->
        <test-method status="PASS" signature="verifyLandedOnCampaignsPageTest()[pri:4, instance:com.crm.qa.testcases.HomePageTest@21a947fe]" name="verifyLandedOnCampaignsPageTest" duration-ms="3168" started-at="2020-10-28T06:11:41 CDT" finished-at="2020-10-28T06:11:45 CDT">
          <reporter-output>
          </reporter-output>
        </test-method> <!-- verifyLandedOnCampaignsPageTest -->
        <test-method status="PASS" signature="tearDown()[pri:0, instance:com.crm.qa.testcases.HomePageTest@21a947fe]" name="tearDown" is-config="true" duration-ms="834" started-at="2020-10-28T06:11:45 CDT" finished-at="2020-10-28T06:11:45 CDT">
          <reporter-output>
          </reporter-output>
        </test-method> <!-- tearDown -->
        <test-method status="PASS" signature="setUp()[pri:0, instance:com.crm.qa.testcases.HomePageTest@21a947fe]" name="setUp" is-config="true" duration-ms="16104" started-at="2020-10-28T06:11:45 CDT" finished-at="2020-10-28T06:12:02 CDT">
          <reporter-output>
          </reporter-output>
        </test-method> <!-- setUp -->
        <test-method status="PASS" signature="verifyLandedOnCasesPageTest()[pri:4, instance:com.crm.qa.testcases.HomePageTest@21a947fe]" name="verifyLandedOnCasesPageTest" duration-ms="3355" started-at="2020-10-28T06:12:02 CDT" finished-at="2020-10-28T06:12:05 CDT">
          <reporter-output>
          </reporter-output>
        </test-method> <!-- verifyLandedOnCasesPageTest -->
        <test-method status="PASS" signature="tearDown()[pri:0, instance:com.crm.qa.testcases.HomePageTest@21a947fe]" name="tearDown" is-config="true" duration-ms="887" started-at="2020-10-28T06:12:05 CDT" finished-at="2020-10-28T06:12:06 CDT">
          <reporter-output>
          </reporter-output>
        </test-method> <!-- tearDown -->
        <test-method status="PASS" signature="setUp()[pri:0, instance:com.crm.qa.testcases.HomePageTest@21a947fe]" name="setUp" is-config="true" duration-ms="16276" started-at="2020-10-28T06:12:06 CDT" finished-at="2020-10-28T06:12:22 CDT">
          <reporter-output>
          </reporter-output>
        </test-method> <!-- setUp -->
        <test-method status="PASS" signature="verifyLandedOnCompaniesPageTest()[pri:4, instance:com.crm.qa.testcases.HomePageTest@21a947fe]" name="verifyLandedOnCompaniesPageTest" duration-ms="3197" started-at="2020-10-28T06:12:22 CDT" finished-at="2020-10-28T06:12:25 CDT">
          <reporter-output>
          </reporter-output>
        </test-method> <!-- verifyLandedOnCompaniesPageTest -->
        <test-method status="PASS" signature="tearDown()[pri:0, instance:com.crm.qa.testcases.HomePageTest@21a947fe]" name="tearDown" is-config="true" duration-ms="847" started-at="2020-10-28T06:12:25 CDT" finished-at="2020-10-28T06:12:26 CDT">
          <reporter-output>
          </reporter-output>
        </test-method> <!-- tearDown -->
        <test-method status="PASS" signature="setUp()[pri:0, instance:com.crm.qa.testcases.HomePageTest@21a947fe]" name="setUp" is-config="true" duration-ms="15686" started-at="2020-10-28T06:12:26 CDT" finished-at="2020-10-28T06:12:42 CDT">
          <reporter-output>
          </reporter-output>
        </test-method> <!-- setUp -->
        <test-method status="PASS" signature="verifyLandedOnContactsPageTest()[pri:4, instance:com.crm.qa.testcases.HomePageTest@21a947fe]" name="verifyLandedOnContactsPageTest" duration-ms="3325" started-at="2020-10-28T06:12:42 CDT" finished-at="2020-10-28T06:12:45 CDT">
          <reporter-output>
          </reporter-output>
        </test-method> <!-- verifyLandedOnContactsPageTest -->
        <test-method status="PASS" signature="tearDown()[pri:0, instance:com.crm.qa.testcases.HomePageTest@21a947fe]" name="tearDown" is-config="true" duration-ms="865" started-at="2020-10-28T06:12:45 CDT" finished-at="2020-10-28T06:12:46 CDT">
          <reporter-output>
          </reporter-output>
        </test-method> <!-- tearDown -->
        <test-method status="PASS" signature="setUp()[pri:0, instance:com.crm.qa.testcases.HomePageTest@21a947fe]" name="setUp" is-config="true" duration-ms="16784" started-at="2020-10-28T06:12:46 CDT" finished-at="2020-10-28T06:13:03 CDT">
          <reporter-output>
          </reporter-output>
        </test-method> <!-- setUp -->
        <test-method status="PASS" signature="verifyLandedOnDealsPageTest()[pri:4, instance:com.crm.qa.testcases.HomePageTest@21a947fe]" name="verifyLandedOnDealsPageTest" duration-ms="3181" started-at="2020-10-28T06:13:03 CDT" finished-at="2020-10-28T06:13:06 CDT">
          <reporter-output>
          </reporter-output>
        </test-method> <!-- verifyLandedOnDealsPageTest -->
        <test-method status="PASS" signature="tearDown()[pri:0, instance:com.crm.qa.testcases.HomePageTest@21a947fe]" name="tearDown" is-config="true" duration-ms="870" started-at="2020-10-28T06:13:06 CDT" finished-at="2020-10-28T06:13:07 CDT">
          <reporter-output>
          </reporter-output>
        </test-method> <!-- tearDown -->
        <test-method status="PASS" signature="setUp()[pri:0, instance:com.crm.qa.testcases.HomePageTest@21a947fe]" name="setUp" is-config="true" duration-ms="16014" started-at="2020-10-28T06:13:07 CDT" finished-at="2020-10-28T06:13:23 CDT">
          <reporter-output>
          </reporter-output>
        </test-method> <!-- setUp -->
        <test-method status="PASS" signature="verifyLandedOnDocumentsPageTest()[pri:4, instance:com.crm.qa.testcases.HomePageTest@21a947fe]" name="verifyLandedOnDocumentsPageTest" duration-ms="3363" started-at="2020-10-28T06:13:23 CDT" finished-at="2020-10-28T06:13:26 CDT">
          <reporter-output>
          </reporter-output>
        </test-method> <!-- verifyLandedOnDocumentsPageTest -->
        <test-method status="PASS" signature="tearDown()[pri:0, instance:com.crm.qa.testcases.HomePageTest@21a947fe]" name="tearDown" is-config="true" duration-ms="868" started-at="2020-10-28T06:13:26 CDT" finished-at="2020-10-28T06:13:27 CDT">
          <reporter-output>
          </reporter-output>
        </test-method> <!-- tearDown -->
        <test-method status="PASS" signature="setUp()[pri:0, instance:com.crm.qa.testcases.HomePageTest@21a947fe]" name="setUp" is-config="true" duration-ms="16218" started-at="2020-10-28T06:13:27 CDT" finished-at="2020-10-28T06:13:43 CDT">
          <reporter-output>
          </reporter-output>
        </test-method> <!-- setUp -->
        <test-method status="PASS" signature="verifyLandedOnEmailPageTest()[pri:4, instance:com.crm.qa.testcases.HomePageTest@21a947fe]" name="verifyLandedOnEmailPageTest" duration-ms="3126" started-at="2020-10-28T06:13:43 CDT" finished-at="2020-10-28T06:13:46 CDT">
          <reporter-output>
          </reporter-output>
        </test-method> <!-- verifyLandedOnEmailPageTest -->
        <test-method status="PASS" signature="tearDown()[pri:0, instance:com.crm.qa.testcases.HomePageTest@21a947fe]" name="tearDown" is-config="true" duration-ms="893" started-at="2020-10-28T06:13:46 CDT" finished-at="2020-10-28T06:13:47 CDT">
          <reporter-output>
          </reporter-output>
        </test-method> <!-- tearDown -->
        <test-method status="PASS" signature="setUp()[pri:0, instance:com.crm.qa.testcases.HomePageTest@21a947fe]" name="setUp" is-config="true" duration-ms="16856" started-at="2020-10-28T06:13:47 CDT" finished-at="2020-10-28T06:14:04 CDT">
          <reporter-output>
          </reporter-output>
        </test-method> <!-- setUp -->
        <test-method status="PASS" signature="verifyLandedOnFormsPageTest()[pri:4, instance:com.crm.qa.testcases.HomePageTest@21a947fe]" name="verifyLandedOnFormsPageTest" duration-ms="3170" started-at="2020-10-28T06:14:04 CDT" finished-at="2020-10-28T06:14:07 CDT">
          <reporter-output>
          </reporter-output>
        </test-method> <!-- verifyLandedOnFormsPageTest -->
        <test-method status="PASS" signature="tearDown()[pri:0, instance:com.crm.qa.testcases.HomePageTest@21a947fe]" name="tearDown" is-config="true" duration-ms="885" started-at="2020-10-28T06:14:07 CDT" finished-at="2020-10-28T06:14:08 CDT">
          <reporter-output>
          </reporter-output>
        </test-method> <!-- tearDown -->
        <test-method status="PASS" signature="setUp()[pri:0, instance:com.crm.qa.testcases.HomePageTest@21a947fe]" name="setUp" is-config="true" duration-ms="16469" started-at="2020-10-28T06:14:08 CDT" finished-at="2020-10-28T06:14:25 CDT">
          <reporter-output>
          </reporter-output>
        </test-method> <!-- setUp -->
        <test-method status="PASS" signature="verifyLandedTasksPageTest()[pri:4, instance:com.crm.qa.testcases.HomePageTest@21a947fe]" name="verifyLandedTasksPageTest" duration-ms="3310" started-at="2020-10-28T06:14:25 CDT" finished-at="2020-10-28T06:14:28 CDT">
          <reporter-output>
          </reporter-output>
        </test-method> <!-- verifyLandedTasksPageTest -->
        <test-method status="PASS" signature="tearDown()[pri:0, instance:com.crm.qa.testcases.HomePageTest@21a947fe]" name="tearDown" is-config="true" duration-ms="887" started-at="2020-10-28T06:14:28 CDT" finished-at="2020-10-28T06:14:29 CDT">
          <reporter-output>
          </reporter-output>
        </test-method> <!-- tearDown -->
      </class> <!-- com.crm.qa.testcases.HomePageTest -->
      <class name="com.crm.qa.testcases.ContactsPageTest">
        <test-method status="PASS" signature="setUp()[pri:0, instance:com.crm.qa.testcases.ContactsPageTest@5606c0b]" name="setUp" is-config="true" duration-ms="15110" started-at="2020-10-28T06:14:29 CDT" finished-at="2020-10-28T06:14:44 CDT">
          <reporter-output>
          </reporter-output>
        </test-method> <!-- setUp -->
        <test-method status="PASS" signature="verify_LandedOn_ContactsPage_A_Test()[pri:1, instance:com.crm.qa.testcases.ContactsPageTest@5606c0b]" name="verify_LandedOn_ContactsPage_A_Test" duration-ms="1723" started-at="2020-10-28T06:14:44 CDT" finished-at="2020-10-28T06:14:46 CDT">
          <reporter-output>
          </reporter-output>
        </test-method> <!-- verify_LandedOn_ContactsPage_A_Test -->
        <test-method status="PASS" signature="tearDown()[pri:0, instance:com.crm.qa.testcases.ContactsPageTest@5606c0b]" name="tearDown" is-config="true" duration-ms="793" started-at="2020-10-28T06:14:46 CDT" finished-at="2020-10-28T06:14:47 CDT">
          <reporter-output>
          </reporter-output>
        </test-method> <!-- tearDown -->
        <test-method status="PASS" signature="setUp()[pri:0, instance:com.crm.qa.testcases.ContactsPageTest@5606c0b]" name="setUp" is-config="true" duration-ms="15143" started-at="2020-10-28T06:14:47 CDT" finished-at="2020-10-28T06:15:02 CDT">
          <reporter-output>
          </reporter-output>
        </test-method> <!-- setUp -->
        <test-method status="PASS" signature="verify_LeftNavBar_CalendarLink_VisibleFrom_ContactsPage_Test()[pri:1, instance:com.crm.qa.testcases.ContactsPageTest@5606c0b]" name="verify_LeftNavBar_CalendarLink_VisibleFrom_ContactsPage_Test" duration-ms="1407" started-at="2020-10-28T06:15:02 CDT" finished-at="2020-10-28T06:15:03 CDT">
          <reporter-output>
          </reporter-output>
        </test-method> <!-- verify_LeftNavBar_CalendarLink_VisibleFrom_ContactsPage_Test -->
        <test-method status="PASS" signature="tearDown()[pri:0, instance:com.crm.qa.testcases.ContactsPageTest@5606c0b]" name="tearDown" is-config="true" duration-ms="787" started-at="2020-10-28T06:15:03 CDT" finished-at="2020-10-28T06:15:04 CDT">
          <reporter-output>
          </reporter-output>
        </test-method> <!-- tearDown -->
        <test-method status="PASS" signature="setUp()[pri:0, instance:com.crm.qa.testcases.ContactsPageTest@5606c0b]" name="setUp" is-config="true" duration-ms="15017" started-at="2020-10-28T06:15:04 CDT" finished-at="2020-10-28T06:15:19 CDT">
          <reporter-output>
          </reporter-output>
        </test-method> <!-- setUp -->
        <test-method status="PASS" signature="verify_LeftNavBar_CallsLink_VisibleFrom_ContactsPage_Test()[pri:2, instance:com.crm.qa.testcases.ContactsPageTest@5606c0b]" name="verify_LeftNavBar_CallsLink_VisibleFrom_ContactsPage_Test" duration-ms="1554" started-at="2020-10-28T06:15:19 CDT" finished-at="2020-10-28T06:15:20 CDT">
          <reporter-output>
          </reporter-output>
        </test-method> <!-- verify_LeftNavBar_CallsLink_VisibleFrom_ContactsPage_Test -->
        <test-method status="PASS" signature="tearDown()[pri:0, instance:com.crm.qa.testcases.ContactsPageTest@5606c0b]" name="tearDown" is-config="true" duration-ms="782" started-at="2020-10-28T06:15:20 CDT" finished-at="2020-10-28T06:15:21 CDT">
          <reporter-output>
          </reporter-output>
        </test-method> <!-- tearDown -->
        <test-method status="PASS" signature="setUp()[pri:0, instance:com.crm.qa.testcases.ContactsPageTest@5606c0b]" name="setUp" is-config="true" duration-ms="14519" started-at="2020-10-28T06:15:21 CDT" finished-at="2020-10-28T06:15:36 CDT">
          <reporter-output>
          </reporter-output>
        </test-method> <!-- setUp -->
        <test-method status="PASS" signature="verify_LeftNavBar_CampaignsLink_VisibleFrom_ContactsPage_Test()[pri:2, instance:com.crm.qa.testcases.ContactsPageTest@5606c0b]" name="verify_LeftNavBar_CampaignsLink_VisibleFrom_ContactsPage_Test" duration-ms="1646" started-at="2020-10-28T06:15:36 CDT" finished-at="2020-10-28T06:15:37 CDT">
          <reporter-output>
          </reporter-output>
        </test-method> <!-- verify_LeftNavBar_CampaignsLink_VisibleFrom_ContactsPage_Test -->
        <test-method status="PASS" signature="tearDown()[pri:0, instance:com.crm.qa.testcases.ContactsPageTest@5606c0b]" name="tearDown" is-config="true" duration-ms="831" started-at="2020-10-28T06:15:37 CDT" finished-at="2020-10-28T06:15:38 CDT">
          <reporter-output>
          </reporter-output>
        </test-method> <!-- tearDown -->
        <test-method status="PASS" signature="setUp()[pri:0, instance:com.crm.qa.testcases.ContactsPageTest@5606c0b]" name="setUp" is-config="true" duration-ms="15552" started-at="2020-10-28T06:15:38 CDT" finished-at="2020-10-28T06:15:54 CDT">
          <reporter-output>
          </reporter-output>
        </test-method> <!-- setUp -->
        <test-method status="PASS" signature="verify_LeftNavBar_CasesLink_VisibleFrom_ContactsPage_Test()[pri:2, instance:com.crm.qa.testcases.ContactsPageTest@5606c0b]" name="verify_LeftNavBar_CasesLink_VisibleFrom_ContactsPage_Test" duration-ms="1513" started-at="2020-10-28T06:15:54 CDT" finished-at="2020-10-28T06:15:55 CDT">
          <reporter-output>
          </reporter-output>
        </test-method> <!-- verify_LeftNavBar_CasesLink_VisibleFrom_ContactsPage_Test -->
        <test-method status="PASS" signature="tearDown()[pri:0, instance:com.crm.qa.testcases.ContactsPageTest@5606c0b]" name="tearDown" is-config="true" duration-ms="856" started-at="2020-10-28T06:15:55 CDT" finished-at="2020-10-28T06:15:56 CDT">
          <reporter-output>
          </reporter-output>
        </test-method> <!-- tearDown -->
        <test-method status="PASS" signature="setUp()[pri:0, instance:com.crm.qa.testcases.ContactsPageTest@5606c0b]" name="setUp" is-config="true" duration-ms="15355" started-at="2020-10-28T06:15:56 CDT" finished-at="2020-10-28T06:16:11 CDT">
          <reporter-output>
          </reporter-output>
        </test-method> <!-- setUp -->
        <test-method status="PASS" signature="verify_LeftNavBar_CompaniesLink_VisibleFrom_ContactsPage_Test()[pri:2, instance:com.crm.qa.testcases.ContactsPageTest@5606c0b]" name="verify_LeftNavBar_CompaniesLink_VisibleFrom_ContactsPage_Test" duration-ms="1337" started-at="2020-10-28T06:16:11 CDT" finished-at="2020-10-28T06:16:13 CDT">
          <reporter-output>
          </reporter-output>
        </test-method> <!-- verify_LeftNavBar_CompaniesLink_VisibleFrom_ContactsPage_Test -->
        <test-method status="PASS" signature="tearDown()[pri:0, instance:com.crm.qa.testcases.ContactsPageTest@5606c0b]" name="tearDown" is-config="true" duration-ms="772" started-at="2020-10-28T06:16:13 CDT" finished-at="2020-10-28T06:16:14 CDT">
          <reporter-output>
          </reporter-output>
        </test-method> <!-- tearDown -->
        <test-method status="PASS" signature="setUp()[pri:0, instance:com.crm.qa.testcases.ContactsPageTest@5606c0b]" name="setUp" is-config="true" duration-ms="14666" started-at="2020-10-28T06:16:14 CDT" finished-at="2020-10-28T06:16:28 CDT">
          <reporter-output>
          </reporter-output>
        </test-method> <!-- setUp -->
        <test-method status="PASS" signature="verify_LeftNavBar_ContactsLink_VisibleFrom_ContactsPage_Test()[pri:2, instance:com.crm.qa.testcases.ContactsPageTest@5606c0b]" name="verify_LeftNavBar_ContactsLink_VisibleFrom_ContactsPage_Test" duration-ms="1507" started-at="2020-10-28T06:16:28 CDT" finished-at="2020-10-28T06:16:30 CDT">
          <reporter-output>
          </reporter-output>
        </test-method> <!-- verify_LeftNavBar_ContactsLink_VisibleFrom_ContactsPage_Test -->
        <test-method status="PASS" signature="tearDown()[pri:0, instance:com.crm.qa.testcases.ContactsPageTest@5606c0b]" name="tearDown" is-config="true" duration-ms="812" started-at="2020-10-28T06:16:30 CDT" finished-at="2020-10-28T06:16:31 CDT">
          <reporter-output>
          </reporter-output>
        </test-method> <!-- tearDown -->
        <test-method status="PASS" signature="setUp()[pri:0, instance:com.crm.qa.testcases.ContactsPageTest@5606c0b]" name="setUp" is-config="true" duration-ms="15652" started-at="2020-10-28T06:16:31 CDT" finished-at="2020-10-28T06:16:46 CDT">
          <reporter-output>
          </reporter-output>
        </test-method> <!-- setUp -->
        <test-method status="PASS" signature="verify_LeftNavBar_DealsLink_VisibleFrom_ContactsPage_Test()[pri:2, instance:com.crm.qa.testcases.ContactsPageTest@5606c0b]" name="verify_LeftNavBar_DealsLink_VisibleFrom_ContactsPage_Test" duration-ms="1532" started-at="2020-10-28T06:16:46 CDT" finished-at="2020-10-28T06:16:48 CDT">
          <reporter-output>
          </reporter-output>
        </test-method> <!-- verify_LeftNavBar_DealsLink_VisibleFrom_ContactsPage_Test -->
        <test-method status="PASS" signature="tearDown()[pri:0, instance:com.crm.qa.testcases.ContactsPageTest@5606c0b]" name="tearDown" is-config="true" duration-ms="827" started-at="2020-10-28T06:16:48 CDT" finished-at="2020-10-28T06:16:49 CDT">
          <reporter-output>
          </reporter-output>
        </test-method> <!-- tearDown -->
        <test-method status="PASS" signature="setUp()[pri:0, instance:com.crm.qa.testcases.ContactsPageTest@5606c0b]" name="setUp" is-config="true" duration-ms="15861" started-at="2020-10-28T06:16:49 CDT" finished-at="2020-10-28T06:17:04 CDT">
          <reporter-output>
          </reporter-output>
        </test-method> <!-- setUp -->
        <test-method status="PASS" signature="verify_LeftNavBar_DocumentsLink_VisibleFrom_ContactsPage_Test()[pri:2, instance:com.crm.qa.testcases.ContactsPageTest@5606c0b]" name="verify_LeftNavBar_DocumentsLink_VisibleFrom_ContactsPage_Test" duration-ms="1312" started-at="2020-10-28T06:17:04 CDT" finished-at="2020-10-28T06:17:06 CDT">
          <reporter-output>
          </reporter-output>
        </test-method> <!-- verify_LeftNavBar_DocumentsLink_VisibleFrom_ContactsPage_Test -->
        <test-method status="PASS" signature="tearDown()[pri:0, instance:com.crm.qa.testcases.ContactsPageTest@5606c0b]" name="tearDown" is-config="true" duration-ms="772" started-at="2020-10-28T06:17:06 CDT" finished-at="2020-10-28T06:17:07 CDT">
          <reporter-output>
          </reporter-output>
        </test-method> <!-- tearDown -->
        <test-method status="PASS" signature="setUp()[pri:0, instance:com.crm.qa.testcases.ContactsPageTest@5606c0b]" name="setUp" is-config="true" duration-ms="15450" started-at="2020-10-28T06:17:07 CDT" finished-at="2020-10-28T06:17:22 CDT">
          <reporter-output>
          </reporter-output>
        </test-method> <!-- setUp -->
        <test-method status="PASS" signature="verify_LeftNavBar_EmailLink_VisibleFrom_ContactsPage_Test()[pri:2, instance:com.crm.qa.testcases.ContactsPageTest@5606c0b]" name="verify_LeftNavBar_EmailLink_VisibleFrom_ContactsPage_Test" duration-ms="1291" started-at="2020-10-28T06:17:22 CDT" finished-at="2020-10-28T06:17:23 CDT">
          <reporter-output>
          </reporter-output>
        </test-method> <!-- verify_LeftNavBar_EmailLink_VisibleFrom_ContactsPage_Test -->
        <test-method status="PASS" signature="tearDown()[pri:0, instance:com.crm.qa.testcases.ContactsPageTest@5606c0b]" name="tearDown" is-config="true" duration-ms="769" started-at="2020-10-28T06:17:23 CDT" finished-at="2020-10-28T06:17:24 CDT">
          <reporter-output>
          </reporter-output>
        </test-method> <!-- tearDown -->
        <test-method status="PASS" signature="setUp()[pri:0, instance:com.crm.qa.testcases.ContactsPageTest@5606c0b]" name="setUp" is-config="true" duration-ms="15194" started-at="2020-10-28T06:17:24 CDT" finished-at="2020-10-28T06:17:39 CDT">
          <reporter-output>
          </reporter-output>
        </test-method> <!-- setUp -->
        <test-method status="PASS" signature="verify_LeftNavBar_FormsLink_VisibleFrom_ContactsPage_Test()[pri:2, instance:com.crm.qa.testcases.ContactsPageTest@5606c0b]" name="verify_LeftNavBar_FormsLink_VisibleFrom_ContactsPage_Test" duration-ms="1686" started-at="2020-10-28T06:17:39 CDT" finished-at="2020-10-28T06:17:41 CDT">
          <reporter-output>
          </reporter-output>
        </test-method> <!-- verify_LeftNavBar_FormsLink_VisibleFrom_ContactsPage_Test -->
        <test-method status="PASS" signature="tearDown()[pri:0, instance:com.crm.qa.testcases.ContactsPageTest@5606c0b]" name="tearDown" is-config="true" duration-ms="877" started-at="2020-10-28T06:17:41 CDT" finished-at="2020-10-28T06:17:42 CDT">
          <reporter-output>
          </reporter-output>
        </test-method> <!-- tearDown -->
        <test-method status="PASS" signature="setUp()[pri:0, instance:com.crm.qa.testcases.ContactsPageTest@5606c0b]" name="setUp" is-config="true" duration-ms="15231" started-at="2020-10-28T06:17:42 CDT" finished-at="2020-10-28T06:17:57 CDT">
          <reporter-output>
          </reporter-output>
        </test-method> <!-- setUp -->
        <test-method status="PASS" signature="verify_LeftNavBar_TasksLink_VisibleFrom_ContactsPage_Test()[pri:2, instance:com.crm.qa.testcases.ContactsPageTest@5606c0b]" name="verify_LeftNavBar_TasksLink_VisibleFrom_ContactsPage_Test" duration-ms="1548" started-at="2020-10-28T06:17:57 CDT" finished-at="2020-10-28T06:17:59 CDT">
          <reporter-output>
          </reporter-output>
        </test-method> <!-- verify_LeftNavBar_TasksLink_VisibleFrom_ContactsPage_Test -->
        <test-method status="PASS" signature="tearDown()[pri:0, instance:com.crm.qa.testcases.ContactsPageTest@5606c0b]" name="tearDown" is-config="true" duration-ms="831" started-at="2020-10-28T06:17:59 CDT" finished-at="2020-10-28T06:17:59 CDT">
          <reporter-output>
          </reporter-output>
        </test-method> <!-- tearDown -->
        <test-method status="PASS" signature="setUp()[pri:0, instance:com.crm.qa.testcases.ContactsPageTest@5606c0b]" name="setUp" is-config="true" duration-ms="14799" started-at="2020-10-28T06:18:00 CDT" finished-at="2020-10-28T06:18:15 CDT">
          <reporter-output>
          </reporter-output>
        </test-method> <!-- setUp -->
        <test-method status="PASS" signature="validateCreateNewContactExcelSheetTest(java.lang.String, java.lang.String, java.lang.String, java.lang.String)[pri:4, instance:com.crm.qa.testcases.ContactsPageTest@5606c0b]" name="validateCreateNewContactExcelSheetTest" duration-ms="21671" started-at="2020-10-28T06:18:15 CDT" data-provider="getCRMContactsTestData" finished-at="2020-10-28T06:18:37 CDT">
          <params>
            <param index="0">
              <value>
                <![CDATA[Tom]]>
              </value>
            </param>
            <param index="1">
              <value>
                <![CDATA[Hanks]]>
              </value>
            </param>
            <param index="2">
              <value>
                <![CDATA[tom.hanks@google.com]]>
              </value>
            </param>
            <param index="3">
              <value>
                <![CDATA[Google]]>
              </value>
            </param>
          </params>
          <reporter-output>
          </reporter-output>
        </test-method> <!-- validateCreateNewContactExcelSheetTest -->
        <test-method status="PASS" signature="tearDown()[pri:0, instance:com.crm.qa.testcases.ContactsPageTest@5606c0b]" name="tearDown" is-config="true" duration-ms="904" started-at="2020-10-28T06:18:37 CDT" finished-at="2020-10-28T06:18:38 CDT">
          <reporter-output>
          </reporter-output>
        </test-method> <!-- tearDown -->
        <test-method status="PASS" signature="setUp()[pri:0, instance:com.crm.qa.testcases.ContactsPageTest@5606c0b]" name="setUp" is-config="true" duration-ms="15784" started-at="2020-10-28T06:18:38 CDT" finished-at="2020-10-28T06:18:53 CDT">
          <reporter-output>
          </reporter-output>
        </test-method> <!-- setUp -->
        <test-method status="PASS" signature="validateCreateNewContactExcelSheetTest(java.lang.String, java.lang.String, java.lang.String, java.lang.String)[pri:4, instance:com.crm.qa.testcases.ContactsPageTest@5606c0b]" name="validateCreateNewContactExcelSheetTest" duration-ms="21964" started-at="2020-10-28T06:18:53 CDT" data-provider="getCRMContactsTestData" finished-at="2020-10-28T06:19:15 CDT">
          <params>
            <param index="0">
              <value>
                <![CDATA[Barry]]>
              </value>
            </param>
            <param index="1">
              <value>
                <![CDATA[Jones]]>
              </value>
            </param>
            <param index="2">
              <value>
                <![CDATA[barry.jones@verizon.com]]>
              </value>
            </param>
            <param index="3">
              <value>
                <![CDATA[Verizon]]>
              </value>
            </param>
          </params>
          <reporter-output>
          </reporter-output>
        </test-method> <!-- validateCreateNewContactExcelSheetTest -->
        <test-method status="PASS" signature="tearDown()[pri:0, instance:com.crm.qa.testcases.ContactsPageTest@5606c0b]" name="tearDown" is-config="true" duration-ms="877" started-at="2020-10-28T06:19:15 CDT" finished-at="2020-10-28T06:19:16 CDT">
          <reporter-output>
          </reporter-output>
        </test-method> <!-- tearDown -->
        <test-method status="PASS" signature="setUp()[pri:0, instance:com.crm.qa.testcases.ContactsPageTest@5606c0b]" name="setUp" is-config="true" duration-ms="15341" started-at="2020-10-28T06:19:16 CDT" finished-at="2020-10-28T06:19:32 CDT">
          <reporter-output>
          </reporter-output>
        </test-method> <!-- setUp -->
        <test-method status="PASS" signature="validateCreateNewContactExcelSheetTest(java.lang.String, java.lang.String, java.lang.String, java.lang.String)[pri:4, instance:com.crm.qa.testcases.ContactsPageTest@5606c0b]" name="validateCreateNewContactExcelSheetTest" duration-ms="21885" started-at="2020-10-28T06:19:32 CDT" data-provider="getCRMContactsTestData" finished-at="2020-10-28T06:19:53 CDT">
          <params>
            <param index="0">
              <value>
                <![CDATA[George]]>
              </value>
            </param>
            <param index="1">
              <value>
                <![CDATA[Bush]]>
              </value>
            </param>
            <param index="2">
              <value>
                <![CDATA[george.bush@nokia.com]]>
              </value>
            </param>
            <param index="3">
              <value>
                <![CDATA[Nokia]]>
              </value>
            </param>
          </params>
          <reporter-output>
          </reporter-output>
        </test-method> <!-- validateCreateNewContactExcelSheetTest -->
        <test-method status="PASS" signature="tearDown()[pri:0, instance:com.crm.qa.testcases.ContactsPageTest@5606c0b]" name="tearDown" is-config="true" duration-ms="887" started-at="2020-10-28T06:19:53 CDT" finished-at="2020-10-28T06:19:54 CDT">
          <reporter-output>
          </reporter-output>
        </test-method> <!-- tearDown -->
        <test-method status="PASS" signature="setUp()[pri:0, instance:com.crm.qa.testcases.ContactsPageTest@5606c0b]" name="setUp" is-config="true" duration-ms="15353" started-at="2020-10-28T06:19:54 CDT" finished-at="2020-10-28T06:20:10 CDT">
          <reporter-output>
          </reporter-output>
        </test-method> <!-- setUp -->
        <test-method status="PASS" signature="validateCreateNewContactHardCodeTest()[pri:4, instance:com.crm.qa.testcases.ContactsPageTest@5606c0b]" name="validateCreateNewContactHardCodeTest" duration-ms="21871" started-at="2020-10-28T06:20:10 CDT" finished-at="2020-10-28T06:20:32 CDT">
          <reporter-output>
          </reporter-output>
        </test-method> <!-- validateCreateNewContactHardCodeTest -->
        <test-method status="PASS" signature="tearDown()[pri:0, instance:com.crm.qa.testcases.ContactsPageTest@5606c0b]" name="tearDown" is-config="true" duration-ms="924" started-at="2020-10-28T06:20:32 CDT" finished-at="2020-10-28T06:20:32 CDT">
          <reporter-output>
          </reporter-output>
        </test-method> <!-- tearDown -->
      </class> <!-- com.crm.qa.testcases.ContactsPageTest -->
      <class name="com.crm.qa.testcases.LoginPageTest">
        <test-method status="PASS" signature="setUp()[pri:0, instance:com.crm.qa.testcases.LoginPageTest@25359ed8]" name="setUp" is-config="true" duration-ms="12351" started-at="2020-10-28T06:09:23 CDT" finished-at="2020-10-28T06:09:35 CDT">
          <reporter-output>
          </reporter-output>
        </test-method> <!-- setUp -->
        <test-method status="PASS" signature="verifyLandedOnLandingPageTest()[pri:1, instance:com.crm.qa.testcases.LoginPageTest@25359ed8]" name="verifyLandedOnLandingPageTest" duration-ms="47" started-at="2020-10-28T06:09:35 CDT" finished-at="2020-10-28T06:09:35 CDT">
          <reporter-output>
          </reporter-output>
        </test-method> <!-- verifyLandedOnLandingPageTest -->
        <test-method status="PASS" signature="tearDown()[pri:0, instance:com.crm.qa.testcases.LoginPageTest@25359ed8]" name="tearDown" is-config="true" duration-ms="686" started-at="2020-10-28T06:09:35 CDT" finished-at="2020-10-28T06:09:36 CDT">
          <reporter-output>
          </reporter-output>
        </test-method> <!-- tearDown -->
        <test-method status="PASS" signature="setUp()[pri:0, instance:com.crm.qa.testcases.LoginPageTest@25359ed8]" name="setUp" is-config="true" duration-ms="7989" started-at="2020-10-28T06:09:36 CDT" finished-at="2020-10-28T06:09:44 CDT">
          <reporter-output>
          </reporter-output>
        </test-method> <!-- setUp -->
        <test-method status="PASS" signature="verifyLogIntoHomePageTest()[pri:2, instance:com.crm.qa.testcases.LoginPageTest@25359ed8]" name="verifyLogIntoHomePageTest" duration-ms="8744" started-at="2020-10-28T06:09:44 CDT" finished-at="2020-10-28T06:09:52 CDT">
          <reporter-output>
          </reporter-output>
        </test-method> <!-- verifyLogIntoHomePageTest -->
        <test-method status="PASS" signature="tearDown()[pri:0, instance:com.crm.qa.testcases.LoginPageTest@25359ed8]" name="tearDown" is-config="true" duration-ms="763" started-at="2020-10-28T06:09:52 CDT" finished-at="2020-10-28T06:09:53 CDT">
          <reporter-output>
          </reporter-output>
        </test-method> <!-- tearDown -->
      </class> <!-- com.crm.qa.testcases.LoginPageTest -->
    </test> <!-- Free CRM App Test -->
  </suite> <!-- Free CRM Test Automation Suite -->
</testng-results>
